<?xml version="1.0" encoding="UTF-8"?>
<!-- Generated by org.testng.reporters.JUnitReportReporter -->
<testsuite hostname="Erik" failures="0" tests="1" name="FolksamSelenium.FolksamSelenium.NewTest" time="3.564" errors="0" timestamp="2022-05-23T20:40:06 CEST" skipped="0">
  <testcase classname="FolksamSelenium.FolksamSelenium.NewTest" name="validateText" time="3.564"/>
  <system-out/>
</testsuite> <!-- FolksamSelenium.FolksamSelenium.NewTest -->
